<?xml version="1.0" encoding="UTF-8"?>
<!-- Generated by org.testng.reporters.JUnitXMLReporter -->
<testsuite ignored="0" hostname="DESKTOP-6CMA1NI" failures="1" tests="1" name="firefoxTest" time="0.011" errors="0" timestamp="2023-09-16T23:48:17 IST">
  <testcase classname="testNGpackage.Crossbrowsertest" name="test1" time="0.002">
    <failure type="java.lang.NullPointerException" message="Cannot invoke &amp;quot;org.openqa.selenium.WebDriver.get(String)&amp;quot; because &amp;quot;this.driver&amp;quot; is null">
      <![CDATA[java.lang.NullPointerException: Cannot invoke "org.openqa.selenium.WebDriver.get(String)" because "this.driver" is null
at testNGpackage.Crossbrowsertest.test1(Crossbrowsertest.java:31)
at java.base/java.util.ArrayList.forEach(ArrayList.java:1511)
... Removed 27 stack frames]]>
    </failure>
  </testcase> <!-- test1 -->
</testsuite> <!-- firefoxTest -->
