<?xml version="1.0" encoding="UTF-8"?>
<!-- Generated by org.testng.reporters.JUnitXMLReporter -->
<testsuite ignored="0" hostname="DESKTOP-6CMA1NI" failures="0" tests="1" name="TeST1" time="0.089" errors="0" timestamp="2023-09-16T23:55:58 IST">
  <testcase classname="testNGpackage.Crossbrowsertest" name="@BeforeTest setup" time="-1.694888758052E9">
    <failure type="org.testng.TestNGException" message="
Parameter &amp;apos;browser&amp;apos; is required by BeforeTest on method setup but has not been marked @Optional or defined
in C:\Users\AmmU\eclipse-workspace\WEBDRIVE\CROSS.xml">
      <![CDATA[org.testng.TestNGException: 
Parameter 'browser' is required by BeforeTest on method setup but has not been marked @Optional or defined
in C:\Users\AmmU\eclipse-workspace\WEBDRIVE\CROSS.xml
... Removed 21 stack frames]]>
    </failure>
  </testcase> <!-- @BeforeTest setup -->
  <testcase classname="testNGpackage.Crossbrowsertest" name="test1" time="0.0">
    <skipped/>
  </testcase> <!-- test1 -->
</testsuite> <!-- TeST1 -->
